# JRE version: OpenJDK Runtime Environment Temurin-21.0.10+7 (21.0.10+7) (build 21.0.10+7-LTS)
# Java VM: OpenJDK 64-Bit Server VM Temurin-21.0.10+7 (21.0.10+7-LTS, mixed mode, sharing, tiered, compressed oops, compressed class ptrs, parallel gc, windows-amd64)
GC Precious Log:
 CardTable entry size: 512
 CPUs: 12 total, 12 available
 Memory: 7528M
 Large Page Support: Disabled
 NUMA Support: Disabled
 Compressed Oops: Enabled (32-bit)
 Alignments: Space 512K, Generation 512K, Heap 2M
 Heap Min Capacity: 100M
 Heap Initial Capacity: 100M
 Heap Max Capacity: 2G
 Pre-touch: Disabled
 Parallel Workers: 10
Heap:
 PSYoungGen      total 3072K, used 1137K [0x00000000d5580000, 0x00000000d5c80000, 0x0000000100000000)
  eden space 2560K, 35% used [0x00000000d5580000,0x00000000d56645a8,0x00000000d5800000)
  from space 512K, 43% used [0x00000000d5c00000,0x00000000d5c38000,0x00000000d5c80000)
  to   space 512K, 0% used [0x00000000d5b80000,0x00000000d5b80000,0x00000000d5c00000)
 ParOldGen       total 380416K, used 379999K [0x0000000080000000, 0x0000000097380000, 0x00000000d5580000)
  object space 380416K, 99% used [0x0000000080000000,0x0000000097317d78,0x0000000097380000)
 Metaspace       used 81065K, committed 82624K, reserved 1179648K
  class space    used 8306K, committed 8960K, reserved 1048576K
GC Heap History (20 events):
Event: 87035.485 GC heap before
{Heap before GC invocations=685 (full 4):
 PSYoungGen      total 3072K, used 2847K [0x00000000d5580000, 0x00000000d5c80000, 0x0000000100000000)
  eden space 2560K, 99% used [0x00000000d5580000,0x00000000d57fffe8,0x00000000d5800000)
  from space 512K, 56% used [0x00000000d5c00000,0x00000000d5c48000,0x00000000d5c80000)
  to   space 512K, 0% used [0x00000000d5b80000,0x00000000d5b80000,0x00000000d5c00000)
 ParOldGen       total 378880K, used 378489K [0x0000000080000000, 0x0000000097200000, 0x00000000d5580000)
  object space 378880K, 99% used [0x0000000080000000,0x000000009719e778,0x0000000097200000)
 Metaspace       used 81029K, committed 82560K, reserved 1179648K
  class space    used 8306K, committed 8960K, reserved 1048576K
}
Event: 87035.491 GC heap after
{Heap after GC invocations=685 (full 4):
 PSYoungGen      total 3072K, used 496K [0x00000000d5580000, 0x00000000d5c80000, 0x0000000100000000)
  eden space 2560K, 0% used [0x00000000d5580000,0x00000000d5580000,0x00000000d5800000)
  from space 512K, 96% used [0x00000000d5b80000,0x00000000d5bfc010,0x00000000d5c00000)
  to   space 512K, 0% used [0x00000000d5c00000,0x00000000d5c00000,0x00000000d5c80000)
 ParOldGen       total 378880K, used 378771K [0x0000000080000000, 0x0000000097200000, 0x00000000d5580000)
  object space 378880K, 99% used [0x0000000080000000,0x00000000971e4e98,0x0000000097200000)
 Metaspace       used 81029K, committed 82560K, reserved 1179648K
  class space    used 8306K, committed 8960K, reserved 1048576K
}
Event: 87035.721 GC heap before
{Heap before GC invocations=686 (full 4):
 PSYoungGen      total 3072K, used 3056K [0x00000000d5580000, 0x00000000d5c80000, 0x0000000100000000)
  eden space 2560K, 100% used [0x00000000d5580000,0x00000000d5800000,0x00000000d5800000)
  from space 512K, 96% used [0x00000000d5b80000,0x00000000d5bfc010,0x00000000d5c00000)
  to   space 512K, 0% used [0x00000000d5c00000,0x00000000d5c00000,0x00000000d5c80000)
 ParOldGen       total 378880K, used 378771K [0x0000000080000000, 0x0000000097200000, 0x00000000d5580000)
  object space 378880K, 99% used [0x0000000080000000,0x00000000971e4e98,0x0000000097200000)
 Metaspace       used 81029K, committed 82560K, reserved 1179648K
  class space    used 8306K, committed 8960K, reserved 1048576K
}
Event: 87035.727 GC heap after
{Heap after GC invocations=686 (full 4):
 PSYoungGen      total 3072K, used 496K [0x00000000d5580000, 0x00000000d5c80000, 0x0000000100000000)
  eden space 2560K, 0% used [0x00000000d5580000,0x00000000d5580000,0x00000000d5800000)
  from space 512K, 96% used [0x00000000d5c00000,0x00000000d5c7c010,0x00000000d5c80000)
  to   space 1024K, 0% used [0x00000000d5a80000,0x00000000d5a80000,0x00000000d5b80000)
 ParOldGen       total 379392K, used 379274K [0x0000000080000000, 0x0000000097280000, 0x00000000d5580000)
  object space 379392K, 99% used [0x0000000080000000,0x00000000972628e8,0x0000000097280000)
 Metaspace       used 81029K, committed 82560K, reserved 1179648K
  class space    used 8306K, committed 8960K, reserved 1048576K
}
Event: 87036.011 GC heap before
{Heap before GC invocations=687 (full 4):
 PSYoungGen      total 3072K, used 3052K [0x00000000d5580000, 0x00000000d5c80000, 0x0000000100000000)
  eden space 2560K, 99% used [0x00000000d5580000,0x00000000d57ff158,0x00000000d5800000)
  from space 512K, 96% used [0x00000000d5c00000,0x00000000d5c7c010,0x00000000d5c80000)
  to   space 1024K, 0% used [0x00000000d5a80000,0x00000000d5a80000,0x00000000d5b80000)
 ParOldGen       total 379392K, used 379274K [0x0000000080000000, 0x0000000097280000, 0x00000000d5580000)
  object space 379392K, 99% used [0x0000000080000000,0x00000000972628e8,0x0000000097280000)
 Metaspace       used 81029K, committed 82560K, reserved 1179648K
  class space    used 8306K, committed 8960K, reserved 1048576K
}
Event: 87036.015 GC heap after
{Heap after GC invocations=687 (full 4):
 PSYoungGen      total 3584K, used 192K [0x00000000d5580000, 0x00000000d5c80000, 0x0000000100000000)
  eden space 2560K, 0% used [0x00000000d5580000,0x00000000d5580000,0x00000000d5800000)
  from space 1024K, 18% used [0x00000000d5a80000,0x00000000d5ab0000,0x00000000d5b80000)
  to   space 512K, 0% used [0x00000000d5c00000,0x00000000d5c00000,0x00000000d5c80000)
 ParOldGen       total 379392K, used 379370K [0x0000000080000000, 0x0000000097280000, 0x00000000d5580000)
  object space 379392K, 99% used [0x0000000080000000,0x000000009727a8e8,0x0000000097280000)
 Metaspace       used 81029K, committed 82560K, reserved 1179648K
  class space    used 8306K, committed 8960K, reserved 1048576K
}
Event: 87036.641 GC heap before
{Heap before GC invocations=688 (full 4):
 PSYoungGen      total 3584K, used 2752K [0x00000000d5580000, 0x00000000d5c80000, 0x0000000100000000)
  eden space 2560K, 100% used [0x00000000d5580000,0x00000000d5800000,0x00000000d5800000)
  from space 1024K, 18% used [0x00000000d5a80000,0x00000000d5ab0000,0x00000000d5b80000)
  to   space 512K, 0% used [0x00000000d5c00000,0x00000000d5c00000,0x00000000d5c80000)
 ParOldGen       total 379392K, used 379370K [0x0000000080000000, 0x0000000097280000, 0x00000000d5580000)
  object space 379392K, 99% used [0x0000000080000000,0x000000009727a8e8,0x0000000097280000)
 Metaspace       used 81030K, committed 82560K, reserved 1179648K
  class space    used 8306K, committed 8960K, reserved 1048576K
}
Event: 87036.643 GC heap after
{Heap after GC invocations=688 (full 4):
 PSYoungGen      total 3072K, used 320K [0x00000000d5580000, 0x00000000d5c80000, 0x0000000100000000)
  eden space 2560K, 0% used [0x00000000d5580000,0x00000000d5580000,0x00000000d5800000)
  from space 512K, 62% used [0x00000000d5c00000,0x00000000d5c50000,0x00000000d5c80000)
  to   space 512K, 0% used [0x00000000d5b80000,0x00000000d5b80000,0x00000000d5c00000)
 ParOldGen       total 379392K, used 379378K [0x0000000080000000, 0x0000000097280000, 0x00000000d5580000)
  object space 379392K, 99% used [0x0000000080000000,0x000000009727c8e8,0x0000000097280000)
 Metaspace       used 81030K, committed 82560K, reserved 1179648K
  class space    used 8306K, committed 8960K, reserved 1048576K
}
Event: 87038.930 GC heap before
{Heap before GC invocations=689 (full 4):
 PSYoungGen      total 3072K, used 2880K [0x00000000d5580000, 0x00000000d5c80000, 0x0000000100000000)
  eden space 2560K, 100% used [0x00000000d5580000,0x00000000d5800000,0x00000000d5800000)
  from space 512K, 62% used [0x00000000d5c00000,0x00000000d5c50000,0x00000000d5c80000)
  to   space 512K, 0% used [0x00000000d5b80000,0x00000000d5b80000,0x00000000d5c00000)
 ParOldGen       total 379392K, used 379378K [0x0000000080000000, 0x0000000097280000, 0x00000000d5580000)
  object space 379392K, 99% used [0x0000000080000000,0x000000009727c8e8,0x0000000097280000)
 Metaspace       used 81041K, committed 82560K, reserved 1179648K
  class space    used 8306K, committed 8960K, reserved 1048576K
}
Event: 87038.933 GC heap after
{Heap after GC invocations=689 (full 4):
 PSYoungGen      total 3072K, used 256K [0x00000000d5580000, 0x00000000d5c80000, 0x0000000100000000)
  eden space 2560K, 0% used [0x00000000d5580000,0x00000000d5580000,0x00000000d5800000)
  from space 512K, 50% used [0x00000000d5b80000,0x00000000d5bc0000,0x00000000d5c00000)
  to   space 512K, 0% used [0x00000000d5c00000,0x00000000d5c00000,0x00000000d5c80000)
 ParOldGen       total 379904K, used 379434K [0x0000000080000000, 0x0000000097300000, 0x00000000d5580000)
  object space 379904K, 99% used [0x0000000080000000,0x000000009728a8e8,0x0000000097300000)
 Metaspace       used 81041K, committed 82560K, reserved 1179648K
  class space    used 8306K, committed 8960K, reserved 1048576K
}
Event: 87039.976 GC heap before
{Heap before GC invocations=690 (full 4):
 PSYoungGen      total 3072K, used 2816K [0x00000000d5580000, 0x00000000d5c80000, 0x0000000100000000)
  eden space 2560K, 100% used [0x00000000d5580000,0x00000000d5800000,0x00000000d5800000)
  from space 512K, 50% used [0x00000000d5b80000,0x00000000d5bc0000,0x00000000d5c00000)
  to   space 512K, 0% used [0x00000000d5c00000,0x00000000d5c00000,0x00000000d5c80000)
 ParOldGen       total 379904K, used 379434K [0x0000000080000000, 0x0000000097300000, 0x00000000d5580000)
  object space 379904K, 99% used [0x0000000080000000,0x000000009728a8e8,0x0000000097300000)
 Metaspace       used 81049K, committed 82624K, reserved 1179648K
  class space    used 8306K, committed 8960K, reserved 1048576K
}
Event: 87039.979 GC heap after
{Heap after GC invocations=690 (full 4):
 PSYoungGen      total 3072K, used 496K [0x00000000d5580000, 0x00000000d5c80000, 0x0000000100000000)
  eden space 2560K, 0% used [0x00000000d5580000,0x00000000d5580000,0x00000000d5800000)
  from space 512K, 96% used [0x00000000d5c00000,0x00000000d5c7c010,0x00000000d5c80000)
  to   space 1024K, 0% used [0x00000000d5a80000,0x00000000d5a80000,0x00000000d5b80000)
 ParOldGen       total 379904K, used 379474K [0x0000000080000000, 0x0000000097300000, 0x00000000d5580000)
  object space 379904K, 99% used [0x0000000080000000,0x00000000972948e8,0x0000000097300000)
 Metaspace       used 81049K, committed 82624K, reserved 1179648K
  class space    used 8306K, committed 8960K, reserved 1048576K
}
Event: 87040.096 GC heap before
{Heap before GC invocations=691 (full 4):
 PSYoungGen      total 3072K, used 3053K [0x00000000d5580000, 0x00000000d5c80000, 0x0000000100000000)
  eden space 2560K, 99% used [0x00000000d5580000,0x00000000d57ff460,0x00000000d5800000)
  from space 512K, 96% used [0x00000000d5c00000,0x00000000d5c7c010,0x00000000d5c80000)
  to   space 1024K, 0% used [0x00000000d5a80000,0x00000000d5a80000,0x00000000d5b80000)
 ParOldGen       total 379904K, used 379474K [0x0000000080000000, 0x0000000097300000, 0x00000000d5580000)
  object space 379904K, 99% used [0x0000000080000000,0x00000000972948e8,0x0000000097300000)
 Metaspace       used 81049K, committed 82624K, reserved 1179648K
  class space    used 8306K, committed 8960K, reserved 1048576K
}
Event: 87040.098 GC heap after
{Heap after GC invocations=691 (full 4):
 PSYoungGen      total 3584K, used 128K [0x00000000d5580000, 0x00000000d5c80000, 0x0000000100000000)
  eden space 2560K, 0% used [0x00000000d5580000,0x00000000d5580000,0x00000000d5800000)
  from space 1024K, 12% used [0x00000000d5a80000,0x00000000d5aa0000,0x00000000d5b80000)
  to   space 512K, 0% used [0x00000000d5c00000,0x00000000d5c00000,0x00000000d5c80000)
 ParOldGen       total 380416K, used 379911K [0x0000000080000000, 0x0000000097380000, 0x00000000d5580000)
  object space 380416K, 99% used [0x0000000080000000,0x0000000097301d78,0x0000000097380000)
 Metaspace       used 81049K, committed 82624K, reserved 1179648K
  class space    used 8306K, committed 8960K, reserved 1048576K
}
Event: 87040.118 GC heap before
{Heap before GC invocations=692 (full 4):
 PSYoungGen      total 3584K, used 2688K [0x00000000d5580000, 0x00000000d5c80000, 0x0000000100000000)
  eden space 2560K, 100% used [0x00000000d5580000,0x00000000d5800000,0x00000000d5800000)
  from space 1024K, 12% used [0x00000000d5a80000,0x00000000d5aa0000,0x00000000d5b80000)
  to   space 512K, 0% used [0x00000000d5c00000,0x00000000d5c00000,0x00000000d5c80000)
 ParOldGen       total 380416K, used 379911K [0x0000000080000000, 0x0000000097380000, 0x00000000d5580000)
  object space 380416K, 99% used [0x0000000080000000,0x0000000097301d78,0x0000000097380000)
 Metaspace       used 81053K, committed 82624K, reserved 1179648K
  class space    used 8306K, committed 8960K, reserved 1048576K
}
Event: 87040.125 GC heap after
{Heap after GC invocations=692 (full 4):
 PSYoungGen      total 3072K, used 432K [0x00000000d5580000, 0x00000000d5c80000, 0x0000000100000000)
  eden space 2560K, 0% used [0x00000000d5580000,0x00000000d5580000,0x00000000d5800000)
  from space 512K, 84% used [0x00000000d5c00000,0x00000000d5c6c010,0x00000000d5c80000)
  to   space 512K, 0% used [0x00000000d5b80000,0x00000000d5b80000,0x00000000d5c00000)
 ParOldGen       total 380416K, used 379943K [0x0000000080000000, 0x0000000097380000, 0x00000000d5580000)
  object space 380416K, 99% used [0x0000000080000000,0x0000000097309d78,0x0000000097380000)
 Metaspace       used 81053K, committed 82624K, reserved 1179648K
  class space    used 8306K, committed 8960K, reserved 1048576K
}
Event: 87041.143 GC heap before
{Heap before GC invocations=693 (full 4):
 PSYoungGen      total 3072K, used 2992K [0x00000000d5580000, 0x00000000d5c80000, 0x0000000100000000)
  eden space 2560K, 100% used [0x00000000d5580000,0x00000000d5800000,0x00000000d5800000)
  from space 512K, 84% used [0x00000000d5c00000,0x00000000d5c6c010,0x00000000d5c80000)
  to   space 512K, 0% used [0x00000000d5b80000,0x00000000d5b80000,0x00000000d5c00000)
 ParOldGen       total 380416K, used 379943K [0x0000000080000000, 0x0000000097380000, 0x00000000d5580000)
  object space 380416K, 99% used [0x0000000080000000,0x0000000097309d78,0x0000000097380000)
 Metaspace       used 81061K, committed 82624K, reserved 1179648K
  class space    used 8306K, committed 8960K, reserved 1048576K
}
Event: 87041.146 GC heap after
{Heap after GC invocations=693 (full 4):
 PSYoungGen      total 3072K, used 352K [0x00000000d5580000, 0x00000000d5c80000, 0x0000000100000000)
  eden space 2560K, 0% used [0x00000000d5580000,0x00000000d5580000,0x00000000d5800000)
  from space 512K, 68% used [0x00000000d5b80000,0x00000000d5bd8020,0x00000000d5c00000)
  to   space 512K, 0% used [0x00000000d5c00000,0x00000000d5c00000,0x00000000d5c80000)
 ParOldGen       total 380416K, used 379943K [0x0000000080000000, 0x0000000097380000, 0x00000000d5580000)
  object space 380416K, 99% used [0x0000000080000000,0x0000000097309d78,0x0000000097380000)
 Metaspace       used 81061K, committed 82624K, reserved 1179648K
  class space    used 8306K, committed 8960K, reserved 1048576K
}
Event: 87045.042 GC heap before
{Heap before GC invocations=694 (full 4):
 PSYoungGen      total 3072K, used 2912K [0x00000000d5580000, 0x00000000d5c80000, 0x0000000100000000)
  eden space 2560K, 100% used [0x00000000d5580000,0x00000000d5800000,0x00000000d5800000)
  from space 512K, 68% used [0x00000000d5b80000,0x00000000d5bd8020,0x00000000d5c00000)
  to   space 512K, 0% used [0x00000000d5c00000,0x00000000d5c00000,0x00000000d5c80000)
 ParOldGen       total 380416K, used 379943K [0x0000000080000000, 0x0000000097380000, 0x00000000d5580000)
  object space 380416K, 99% used [0x0000000080000000,0x0000000097309d78,0x0000000097380000)
 Metaspace       used 81062K, committed 82624K, reserved 1179648K
  class space    used 8306K, committed 8960K, reserved 1048576K
}
Event: 87045.044 GC heap after
{Heap after GC invocations=694 (full 4):
 PSYoungGen      total 3072K, used 224K [0x00000000d5580000, 0x00000000d5c80000, 0x0000000100000000)
  eden space 2560K, 0% used [0x00000000d5580000,0x00000000d5580000,0x00000000d5800000)
  from space 512K, 43% used [0x00000000d5c00000,0x00000000d5c38000,0x00000000d5c80000)
  to   space 512K, 0% used [0x00000000d5b80000,0x00000000d5b80000,0x00000000d5c00000)
 ParOldGen       total 380416K, used 379999K [0x0000000080000000, 0x0000000097380000, 0x00000000d5580000)
  object space 380416K, 99% used [0x0000000080000000,0x0000000097317d78,0x0000000097380000)
 Metaspace       used 81062K, committed 82624K, reserved 1179648K
  class space    used 8306K, committed 8960K, reserved 1048576K
}

